******************************************************************************
RFFSHeli log started on 2023-11-14 at 20:25:59
20:25:59 | [SYSTEM] Master configuration file loaded
20:27:35 | [SPAWN] RFFSHeli_Apache<aed1d930> spawned at <0.000000, 0.000000, 0.000000>
20:27:35 | [SPAWN] RFFSHeli_Apache_Desert<aed18110> spawned at <0.000000, 0.000000, 0.000000>
20:27:35 | [SPAWN] RFFSHeli_Apache_Winter<aed1ad20> spawned at <0.000000, 0.000000, 0.000000>
20:27:35 | [SPAWN] RFFSHeli_AS350<abfdb510> spawned at <0.000000, 0.000000, 0.000000>
20:27:35 | [SPAWN] RFFSHeli_Bell429<aed128f0> spawned at <0.000000, 0.000000, 0.000000>
20:27:35 | [SPAWN] RFFSHeli_Bell429_Medic<aed0d0d0> spawned at <0.000000, 0.000000, 0.000000>
20:27:35 | [SPAWN] RFFSHeli_Bell429_Police<aed23150> spawned at <0.000000, 0.000000, 0.000000>
20:27:35 | [SPAWN] RFFSHeli_Bell429_Uganda<aed0fce0> spawned at <0.000000, 0.000000, 0.000000>
20:27:35 | [SPAWN] RFFSHeli_Bell429_ZS<aed25d60> spawned at <0.000000, 0.000000, 0.000000>
20:27:35 | [SPAWN] RFFSHeli_Blackhawk<aed28970> spawned at <0.000000, 0.000000, 0.000000>
20:27:35 | [SPAWN] RFFSHeli_Blackhawk_Cargo<aed15500> spawned at <0.000000, 0.000000, 0.000000>
20:27:35 | [SPAWN] RFFSHeli_Blackhawk_blackblackhawk<aed2b580> spawned at <0.000000, 0.000000, 0.000000>
20:27:35 | [SPAWN] RFFSHeli_Blackhawk_Budhawk<aed2e190> spawned at <0.000000, 0.000000, 0.000000>
20:27:35 | [SPAWN] RFFSHeli_Blackhawk_Woodland<aed30da0> spawned at <0.000000, 0.000000, 0.000000>
20:27:35 | [SPAWN] RFFSHeli_Bo105m<b3c038e0> spawned at <0.000000, 0.000000, 0.000000>
20:27:35 | [SPAWN] RFFSHeli_Bo105m_blackcamo<b3c0bd10> spawned at <0.000000, 0.000000, 0.000000>
20:27:35 | [SPAWN] RFFSHeli_CH47<b3bf88a0> spawned at <0.000000, 0.000000, 0.000000>
20:27:35 | [SPAWN] RFFSHeli_CH53e<b3bfb4b0> spawned at <0.000000, 0.000000, 0.000000>
20:27:35 | [SPAWN] RFFSHeli_EC135<b3c0e920> spawned at <0.000000, 0.000000, 0.000000>
20:27:35 | [SPAWN] RFFSHeli_EC135_BlackCamo<b3c11530> spawned at <0.000000, 0.000000, 0.000000>
20:27:35 | [SPAWN] RFFSHeli_Ka26<b3c064f0> spawned at <0.000000, 0.000000, 0.000000>
20:27:35 | [SPAWN] RFFSHeli_LittleBird<abfddf20> spawned at <0.000000, 0.000000, 0.000000>
20:27:35 | [SPAWN] RFFSHeli_LittleBird<abfe0930> spawned at <0.000000, 0.000000, 0.000000>
20:27:35 | [SPAWN] RFFSHeli_LittleBird<b406a480> spawned at <0.000000, 0.000000, 0.000000>
20:27:35 | [SPAWN] RFFSHeli_Mi2<b3c09100> spawned at <0.000000, 0.000000, 0.000000>
20:27:35 | [SPAWN] RFFSHeli_Mi2_Hornet<b3bfe0c0> spawned at <0.000000, 0.000000, 0.000000>
20:27:35 | [SPAWN] RFFSHeli_Mi2_Military<b3c1c570> spawned at <0.000000, 0.000000, 0.000000>
20:27:36 | [SPAWN] RFFSHeli_R22<b4067a70> spawned at <0.000000, 0.000000, 0.000000>
20:27:36 | [SPAWN] RFFSHeli_R22_Black<b4074cc0> spawned at <0.000000, 0.000000, 0.000000>
20:27:36 | [SPAWN] RFFSHeli_R22_Red<b4065060> spawned at <0.000000, 0.000000, 0.000000>
20:27:36 | [SPAWN] RFFSHeli_S76<b40722b0> spawned at <0.000000, 0.000000, 0.000000>
20:27:36 | [SPAWN] RFFSHeli_S76_WoodlandCamo<b40776d0> spawned at <0.000000, 0.000000, 0.000000>
20:27:36 | [SPAWN] RFFSHeli_UH1H<b406f8a0> spawned at <0.000000, 0.000000, 0.000000>
20:27:36 | [SPAWN] RFFSHeli_UH1H_Combat<b407f500> spawned at <0.000000, 0.000000, 0.000000>
20:27:51 | [DESPAWN] RFFSHeli_Apache<aed1d930> despawned from <-0.051951, 1.643729, 0.628748>
20:27:51 | [DESPAWN] RFFSHeli_Apache_Desert<aed18110> despawned from <-0.051951, 1.643729, 0.628748>
20:27:51 | [DESPAWN] RFFSHeli_Apache_Winter<aed1ad20> despawned from <-0.051951, 1.643729, 0.628748>
20:27:51 | [DESPAWN] RFFSHeli_AS350<abfdb510> despawned from <0.005311, 1.550275, 0.010832>
20:27:51 | [DESPAWN] RFFSHeli_Bell429<aed128f0> despawned from <0.015822, 1.027518, -0.049153>
20:27:51 | [DESPAWN] RFFSHeli_Bell429_Medic<aed0d0d0> despawned from <0.015822, 1.027518, -0.049153>
20:27:51 | [DESPAWN] RFFSHeli_Bell429_Police<aed23150> despawned from <0.015822, 1.027518, -0.049153>
20:27:51 | [DESPAWN] RFFSHeli_Bell429_Uganda<aed0fce0> despawned from <0.015822, 1.027518, -0.049153>
20:27:51 | [DESPAWN] RFFSHeli_Bell429_ZS<aed25d60> despawned from <0.015822, 1.027518, -0.049153>
20:27:51 | [DESPAWN] RFFSHeli_Blackhawk<aed28970> despawned from <-0.018703, 0.694061, 0.325186>
20:27:51 | [DESPAWN] RFFSHeli_Blackhawk_Cargo<aed15500> despawned from <-0.018703, 0.696327, 0.325186>
20:27:51 | [DESPAWN] RFFSHeli_Blackhawk_Cargo<aed15500> despawned from <-0.018703, 0.696327, 0.325186>
20:27:51 | [DESPAWN] RFFSHeli_Blackhawk_blackblackhawk<aed2b580> despawned from <-0.018703, 0.694061, 0.325186>
20:27:51 | [DESPAWN] RFFSHeli_Blackhawk_Budhawk<aed2e190> despawned from <-0.018703, 0.694061, 0.325186>
20:27:51 | [DESPAWN] RFFSHeli_Blackhawk_Woodland<aed30da0> despawned from <-0.018703, 0.694061, 0.325186>
20:27:51 | [DESPAWN] RFFSHeli_Bo105m<b3c038e0> despawned from <-0.002608, 0.760533, 0.004137>
20:27:51 | [DESPAWN] RFFSHeli_Bo105m_blackcamo<b3c0bd10> despawned from <-0.002608, 0.760533, 0.004137>
20:27:51 | [DESPAWN] RFFSHeli_CH47<b3bf88a0> despawned from <-0.039881, 2.141737, 0.104252>
20:27:51 | [DESPAWN] RFFSHeli_CH53e<b3bfb4b0> despawned from <0.057044, 0.937343, -0.679186>
20:27:51 | [DESPAWN] RFFSHeli_EC135<b3c0e920> despawned from <-0.006805, 1.676296, 0.099653>
20:27:51 | [DESPAWN] RFFSHeli_EC135_BlackCamo<b3c11530> despawned from <-0.006805, 1.676296, 0.099653>
20:27:51 | [DESPAWN] RFFSHeli_Ka26<b3c064f0> despawned from <-0.004604, 0.618435, -0.012784>
20:27:51 | [DESPAWN] RFFSHeli_LittleBird<abfddf20> despawned from <-0.017477, 1.366938, -0.020776>
20:27:51 | [DESPAWN] RFFSHeli_LittleBird<abfe0930> despawned from <-0.017477, 1.366938, -0.020776>
20:27:51 | [DESPAWN] RFFSHeli_LittleBird<b406a480> despawned from <-0.017477, 1.366938, -0.020776>
20:27:51 | [DESPAWN] RFFSHeli_Mi2<b3c09100> despawned from <0.000943, 1.074825, 0.767684>
20:27:51 | [DESPAWN] RFFSHeli_Mi2_Hornet<b3bfe0c0> despawned from <0.000943, 1.074825, 0.767684>
20:27:51 | [DESPAWN] RFFSHeli_Mi2_Military<b3c1c570> despawned from <0.000943, 1.074825, 0.767684>
20:27:51 | [DESPAWN] RFFSHeli_R22<b4067a70> despawned from <0.004235, 0.597650, 0.248085>
20:27:51 | [DESPAWN] RFFSHeli_R22_Black<b4074cc0> despawned from <0.004235, 0.597650, 0.248085>
20:27:51 | [DESPAWN] RFFSHeli_R22_Red<b4065060> despawned from <0.004235, 0.597650, 0.248085>
20:27:51 | [DESPAWN] RFFSHeli_S76<b40722b0> despawned from <-0.010769, 0.713388, 1.075877>
20:27:51 | [DESPAWN] RFFSHeli_S76_WoodlandCamo<b40776d0> despawned from <-0.010769, 0.713388, 1.075877>
20:27:51 | [DESPAWN] RFFSHeli_UH1H<b406f8a0> despawned from <-0.009425, 1.821602, 0.061907>
20:27:51 | [DESPAWN] RFFSHeli_UH1H_Combat<b407f500> despawned from <-0.009425, 1.821602, 0.061907>
